0 info it worked if it ends with ok
1 verbose cli [ 'C:\\Program Files\\nodejs\\node.exe',
1 verbose cli   'C:\\Program Files\\nodejs\\node_modules\\npm\\bin\\npm-cli.js',
1 verbose cli   'start' ]
2 info using npm@3.10.10
3 info using node@v6.11.2
4 verbose run-script [ 'prestart', 'start', 'poststart' ]
5 info lifecycle listdir@0.0.0~prestart: listdir@0.0.0
6 silly lifecycle listdir@0.0.0~prestart: no script for prestart, continuing
7 info lifecycle listdir@0.0.0~start: listdir@0.0.0
8 verbose lifecycle listdir@0.0.0~start: unsafe-perm in lifecycle true
9 verbose lifecycle listdir@0.0.0~start: PATH: C:\Program Files\nodejs\node_modules\npm\bin\node-gyp-bin;D:\demos\ListDir\node_modules\.bin;C:\Program Files\Microsoft MPI\Bin\;C:\ProgramData\Oracle\Java\javapath;C:\Windows\system32;C:\Windows;C:\Windows\System32\Wbem;C:\Windows\System32\WindowsPowerShell\v1.0\;C:\Program Files (x86)\NVIDIA Corporation\PhysX\Common;C:\Program Files\Intel\WiFi\bin\;C:\Program Files\Common Files\Intel\WirelessCommon\;C:\WINDOWS\system32;C:\WINDOWS;C:\WINDOWS\System32\Wbem;C:\WINDOWS\System32\WindowsPowerShell\v1.0\;C:\Users\Bhavan\AppData\Local\Programs\Python\Python36;C:\Program Files\Java\jdk1.8.0_131\bin;C:\Program Files\Apache\Maven\bin;C:\Program Files (x86)\OpenOffice_4.1.3_SDK\sdk\bin;C:\Gradle\bin;C:\Program Files\Microsoft SQL Server\130\Tools\Binn\;C:\Program Files\dotnet\;C:\Users\Bhavan\AppData\Local\Programs\Python\Python36\Scripts;C:\Program Files\Java\jre1.8.0_131\bin;C:\Program Files\PuTTY\;C:\Program Files\MongoDB\Server\3.4\bin;C:\Program Files\MySQL\MySQL Workbench 6.3 CE;C:\Program Files\nodejs\;C:\kafka\bin;C:\zookeeper\bin;C:\Program Files\Git\cmd;C:\Program Files (x86)\Windows Kits\8.1\Windows Performance Toolkit\;C:\Users\Bhavan\AppData\Roaming\npm;c:\python;C:\Program Files\Microsoft MPI\Bin\;C:\ProgramData\Oracle\Java\javapath;C:\Windows\system32;C:\Windows;C:\Windows\System32\Wbem;C:\Windows\System32\WindowsPowerShell\v1.0\;C:\Program Files (x86)\NVIDIA Corporation\PhysX\Common;C:\Program Files\Intel\WiFi\bin\;C:\Program Files\Common Files\Intel\WirelessCommon\;C:\Users\Bhavan\AppData\Local\Programs\Python\Python36;C:\Program Files\Java\jdk1.8.0_131\bin;C:\Program Files\Apache\Maven\bin;C:\Program Files (x86)\OpenOffice_4.1.3_SDK\sdk\bin;C:\Gradle\bin;C:\Program Files\Microsoft SQL Server\130\Tools\Binn\;C:\Program Files\dotnet\;C:\Users\Bhavan\AppData\Local\Programs\Python\Python36\Scripts;C:\Program Files\Java\jre1.8.0_131\bin;C:\Program Files\PuTTY\;C:\Program Files\TortoiseSVN\bin;C:\Program Files\MongoDB\Server\3.4\bin;C:\Program Files\MySQL\MySQL Workbench 6.3 CE;C:\Program Files\nodejs\;C:\kafka\bin;C:\zookeeper\bin;C:\Program Files\Git\cmd;c:\p;C:\Users\Bhavan\AppData\Local\Microsoft\WindowsApps;C:\Users\Bhavan\AppData\Local\GitHubDesktop\bin
10 verbose lifecycle listdir@0.0.0~start: CWD: D:\demos\ListDir
11 silly lifecycle listdir@0.0.0~start: Args: [ '/d /s /c', 'node ./bin/www' ]
12 verbose stack Error: kill ENOSYS
12 verbose stack     at exports._errnoException (util.js:1020:11)
12 verbose stack     at process.kill (internal/process.js:190:13)
12 verbose stack     at process.listener (C:\Program Files\nodejs\node_modules\npm\node_modules\npmlog\node_modules\gauge\node_modules\signal-exit\index.js:86:15)
12 verbose stack     at emitNone (events.js:91:20)
12 verbose stack     at process.emit (events.js:185:7)
12 verbose stack     at processEmit (C:\Program Files\nodejs\node_modules\npm\node_modules\npmlog\node_modules\gauge\node_modules\signal-exit\index.js:146:32)
12 verbose stack     at processEmit (C:\Program Files\nodejs\node_modules\npm\node_modules\npm-registry-client\node_modules\npmlog\node_modules\gauge\node_modules\signal-exit\index.js:146:32)
12 verbose stack     at Signal.wrap.onsignal (internal/process.js:217:44)
13 verbose cwd D:\demos\ListDir
14 error Windows_NT 10.0.16299
15 error argv "C:\\Program Files\\nodejs\\node.exe" "C:\\Program Files\\nodejs\\node_modules\\npm\\bin\\npm-cli.js" "start"
16 error node v6.11.2
17 error npm  v3.10.10
18 error code ENOSYS
19 error errno ENOSYS
20 error syscall kill
21 error kill ENOSYS
22 error If you need help, you may report this error at:
22 error     <https://github.com/npm/npm/issues>
23 verbose exit [ 1, true ]
